INFO:proto.runtime:starting compilation -- Time == 1447834961585
INFO:proto.runtime:compilation finished -- Time == 1447834961687
INFO:proto.runtime:compilation DURATION == 102
INFO:core:POX 0.2.0 (carp) is up.
INFO:proto.arp_proxy:number of ARP rules: 2
INFO:proto.runtime:start enforcing policies -- Time == 1447834979476
INFO:proto.runtime:number of rules initially installed == 14
INFO:proto.runtime:policies enforcing finished -- Time == 1447834979494
INFO:proto.runtime:enforcing proactive rules DURATION== 18
INFO:proto.pox_client:StatIn -- Time == 1447835039505
INFO:proto.runtime:number of modified rules == 4
INFO:proto.runtime:number of new installed rules == 0
INFO:proto.runtime:number of deleted rules == 3
INFO:proto.runtime:diffLists enforcing finished -- Time == 1447835039519
INFO:proto.runtime:enforcing diffLists DURATION == 14
INFO:proto.pox_client:StatIn -- Time == 1447835039525
INFO:proto.pox_client:PacketIn -- Time == 1447835064677
INFO:proto.pox_client:PacketIn -- Time == 1447835065690
INFO:proto.pox_client:PacketIn -- Time == 1447835066653
INFO:proto.pox_client:StatIn -- Time == 1447835099506
INFO:proto.runtime:number of modified rules == 4
INFO:proto.runtime:number of new installed rules == 3
INFO:proto.runtime:number of deleted rules == 0
INFO:proto.runtime:diffLists enforcing finished -- Time == 1447835099525
INFO:proto.runtime:enforcing diffLists DURATION == 18
INFO:proto.pox_client:StatIn -- Time == 1447835099531
INFO:proto.infrastructure:Link down -- Time: 1447835137305
INFO:proto.runtime:number of modified rules == 3
INFO:proto.runtime:number of new installed rules == 6
INFO:proto.runtime:number of deleted rules == 3
INFO:proto.runtime:diffLists enforcing finished -- Time == 1447835137320
INFO:proto.runtime:enforcing diffLists DURATION == 16
INFO:proto.pox_client:StatIn -- Time == 1447835159491
INFO:proto.pox_client:StatIn -- Time == 1447835159492
INFO:proto.infrastructure:Link up -- Time: 1447835162184
INFO:proto.runtime:number of modified rules == 3
INFO:proto.runtime:number of new installed rules == 3
INFO:proto.runtime:number of deleted rules == 6
INFO:proto.runtime:diffLists enforcing finished -- Time == 1447835162202
INFO:proto.runtime:enforcing diffLists DURATION == 18
INFO:core:Going down...
INFO:core:Down.
