INFO:proto.runtime:starting compilation -- Time == 1447837516405
INFO:proto.runtime:compilation finished -- Time == 1447837516531
INFO:proto.runtime:compilation DURATION == 125
INFO:core:POX 0.2.0 (carp) is up.
INFO:proto.arp_proxy:number of ARP rules: 5
INFO:proto.runtime:start enforcing policies -- Time == 1447837562765
INFO:proto.runtime:number of rules initially installed == 41
INFO:proto.runtime:policies enforcing finished -- Time == 1447837562809
INFO:proto.runtime:enforcing proactive rules DURATION== 43
INFO:proto.pox_client:PacketIn -- Time == 1447837563489
INFO:proto.pox_client:PacketIn -- Time == 1447837608477
INFO:proto.runtime:number of modified rules == 1
INFO:proto.runtime:number of new installed rules == 5
INFO:proto.runtime:number of deleted rules == 0
INFO:proto.runtime:diffLists enforcing finished -- Time == 1447837608523
INFO:proto.runtime:enforcing diffLists DURATION == 46
INFO:proto.infrastructure:Link down -- Time: 1447837767398
INFO:proto.runtime:number of modified rules == 10
INFO:proto.runtime:number of new installed rules == 14
INFO:proto.runtime:number of deleted rules == 7
INFO:proto.runtime:diffLists enforcing finished -- Time == 1447837767452
INFO:proto.runtime:enforcing diffLists DURATION == 54
INFO:core:Going down...
INFO:core:Down.
