2017-04-06 15:39:32,122 : DEBUG : DEBUG ERROR HANDLING
2017-04-06 15:40:35,923 : DEBUG : DEBUG ERROR HANDLING
2017-04-06 15:41:19,668 : DEBUG : DEBUG ERROR HANDLING
2017-04-06 15:59:05,954 : DEBUG : DEBUG ERROR HANDLING
2017-04-06 15:59:05,955 : INFO : starting compilation -- Time == 1491487145956
2017-04-06 15:59:05,955 : DEBUG : starting compilation -- Time == 1491487145956
2017-04-06 15:59:05,960 : INFO : compilation finished -- Time == 1491487145960
2017-04-06 15:59:05,960 : DEBUG : compilation finished -- Time == 1491487145960
2017-04-06 15:59:05,960 : INFO : compilation DURATION == 5
2017-04-06 15:59:46,706 : DEBUG : DEBUG ERROR HANDLING
2017-04-06 15:59:46,708 : INFO : starting compilation -- Time == 1491487186708
2017-04-06 15:59:46,708 : DEBUG : starting compilation -- Time == 1491487186708
2017-04-06 15:59:46,712 : INFO : compilation finished -- Time == 1491487186713
2017-04-06 15:59:46,712 : DEBUG : compilation finished -- Time == 1491487186713
2017-04-06 15:59:46,712 : INFO : compilation DURATION == 5
2017-04-06 16:00:04,835 : DEBUG : DEBUG ERROR HANDLING
2017-04-06 16:00:04,837 : INFO : starting compilation -- Time == 1491487204837
2017-04-06 16:00:04,837 : DEBUG : starting compilation -- Time == 1491487204837
2017-04-06 16:00:04,841 : INFO : compilation finished -- Time == 1491487204842
2017-04-06 16:00:04,841 : DEBUG : compilation finished -- Time == 1491487204842
2017-04-06 16:00:04,841 : INFO : compilation DURATION == 5
2017-04-06 16:00:23,434 : DEBUG : DEBUG ERROR HANDLING
2017-04-06 16:00:23,435 : INFO : starting compilation -- Time == 1491487223436
2017-04-06 16:00:23,435 : DEBUG : starting compilation -- Time == 1491487223436
2017-04-06 16:00:23,440 : INFO : compilation finished -- Time == 1491487223440
2017-04-06 16:00:23,440 : DEBUG : compilation finished -- Time == 1491487223441
2017-04-06 16:00:23,440 : INFO : compilation DURATION == 5
