2017-04-24 12:44:30,274 : airnet_interface : [DEBUG] : *** Features Handler 4
2017-04-24 12:44:30,275 : airnet_interface : [DEBUG] : default drop : version=0x1,msg_type=0xe,msg_len=0x48,xid=0x130662f6,OFPFlowMod(actions=[],buffer_id=4294967295,command=0,cookie=0,flags=0,hard_timeout=0,idle_timeout=0,match=OFPMatch(dl_dst='\x00\x00\x00\x00\x00\x00',dl_src='\x00\x00\x00\x00\x00\x00',dl_type=0,dl_vlan=0,dl_vlan_pcp=0,in_port=0,nw_dst=0,nw_proto=0,nw_src=0,nw_tos=0,tp_dst=0,tp_src=0,wildcards=4194303),out_port=65535,priority=0)
2017-04-24 12:44:30,277 : airnet_interface : [DEBUG] : *** Switch-1 Enter Event 
2017-04-24 12:44:30,278 : airnet_interface : [DEBUG] : 

{'hw_addr': '36:dd:66:f7:61:8e', 'name': u's1-eth1', 'port_no': '00000001', 'dpid': '0000000000000001'}
{'hw_addr': '92:7b:00:3c:52:85', 'name': u's1-eth2', 'port_no': '00000002', 'dpid': '0000000000000001'}
2017-04-24 12:44:30,278 : rest_client : [DEBUG] : Send Switch/enter request via POST method
2017-04-24 12:44:30,300 : airnet_interface : [DEBUG] : *** Features Handler 4
2017-04-24 12:44:30,301 : airnet_interface : [DEBUG] : default drop : version=0x1,msg_type=0xe,msg_len=0x48,xid=0xc5d51f78,OFPFlowMod(actions=[],buffer_id=4294967295,command=0,cookie=0,flags=0,hard_timeout=0,idle_timeout=0,match=OFPMatch(dl_dst='\x00\x00\x00\x00\x00\x00',dl_src='\x00\x00\x00\x00\x00\x00',dl_type=0,dl_vlan=0,dl_vlan_pcp=0,in_port=0,nw_dst=0,nw_proto=0,nw_src=0,nw_tos=0,tp_dst=0,tp_src=0,wildcards=4194303),out_port=65535,priority=0)
2017-04-24 12:44:30,303 : airnet_interface : [DEBUG] : *** Switch-2 Enter Event 
2017-04-24 12:44:30,303 : airnet_interface : [DEBUG] : 

{'hw_addr': 'a6:07:40:43:b4:26', 'name': u's2-eth1', 'port_no': '00000001', 'dpid': '0000000000000002'}
{'hw_addr': '72:31:c2:29:ea:3e', 'name': u's2-eth2', 'port_no': '00000002', 'dpid': '0000000000000002'}
2017-04-24 12:44:30,303 : rest_client : [DEBUG] : Send Switch/enter request via POST method
2017-04-24 12:44:30,386 : airnet_interface : [DEBUG] : *** Features Handler 4
2017-04-24 12:44:30,387 : airnet_interface : [DEBUG] : default drop : version=0x1,msg_type=0xe,msg_len=0x48,xid=0x278f13c6,OFPFlowMod(actions=[],buffer_id=4294967295,command=0,cookie=0,flags=0,hard_timeout=0,idle_timeout=0,match=OFPMatch(dl_dst='\x00\x00\x00\x00\x00\x00',dl_src='\x00\x00\x00\x00\x00\x00',dl_type=0,dl_vlan=0,dl_vlan_pcp=0,in_port=0,nw_dst=0,nw_proto=0,nw_src=0,nw_tos=0,tp_dst=0,tp_src=0,wildcards=4194303),out_port=65535,priority=0)
2017-04-24 12:44:30,389 : airnet_interface : [DEBUG] : *** Switch-3 Enter Event 
2017-04-24 12:44:30,389 : airnet_interface : [DEBUG] : 

{'hw_addr': '22:46:29:02:d4:58', 'name': u's3-eth1', 'port_no': '00000001', 'dpid': '0000000000000003'}
{'hw_addr': '06:01:3f:68:46:b8', 'name': u's3-eth2', 'port_no': '00000002', 'dpid': '0000000000000003'}
2017-04-24 12:44:30,389 : rest_client : [DEBUG] : Send Switch/enter request via POST method
2017-04-24 12:44:30,436 : airnet_interface : [DEBUG] : *** Features Handler 4
2017-04-24 12:44:30,437 : airnet_interface : [DEBUG] : default drop : version=0x1,msg_type=0xe,msg_len=0x48,xid=0x48d7916b,OFPFlowMod(actions=[],buffer_id=4294967295,command=0,cookie=0,flags=0,hard_timeout=0,idle_timeout=0,match=OFPMatch(dl_dst='\x00\x00\x00\x00\x00\x00',dl_src='\x00\x00\x00\x00\x00\x00',dl_type=0,dl_vlan=0,dl_vlan_pcp=0,in_port=0,nw_dst=0,nw_proto=0,nw_src=0,nw_tos=0,tp_dst=0,tp_src=0,wildcards=4194303),out_port=65535,priority=0)
2017-04-24 12:44:30,439 : airnet_interface : [DEBUG] : *** Switch-4 Enter Event 
2017-04-24 12:44:30,439 : airnet_interface : [DEBUG] : 

{'hw_addr': '52:79:c0:49:29:bc', 'name': u's4-eth1', 'port_no': '00000001', 'dpid': '0000000000000004'}
{'hw_addr': '92:5c:15:1d:0c:75', 'name': u's4-eth2', 'port_no': '00000002', 'dpid': '0000000000000004'}
2017-04-24 12:44:30,439 : rest_client : [DEBUG] : Send Switch/enter request via POST method
2017-04-24 12:45:47,594 : airnet_interface : [DEBUG] : 
*** Switch-2 Leave Event 
2017-04-24 12:45:47,594 : rest_client : [DEBUG] : Send Switch/leave request via POST method
2017-04-24 12:45:47,603 : airnet_interface : [DEBUG] : 
*** Switch-1 Leave Event 
2017-04-24 12:45:47,603 : rest_client : [DEBUG] : Send Switch/leave request via POST method
2017-04-24 12:45:47,616 : airnet_interface : [DEBUG] : 
*** Switch-4 Leave Event 
2017-04-24 12:45:47,619 : rest_client : [DEBUG] : Send Switch/leave request via POST method
2017-04-24 12:45:47,626 : airnet_interface : [DEBUG] : 
*** Switch-3 Leave Event 
2017-04-24 12:45:47,626 : rest_client : [DEBUG] : Send Switch/leave request via POST method
2017-04-24 12:46:06,157 : airnet_interface : [DEBUG] : *** Features Handler 4
2017-04-24 12:46:06,157 : airnet_interface : [DEBUG] : default drop : version=0x1,msg_type=0xe,msg_len=0x48,xid=0x4fe4890,OFPFlowMod(actions=[],buffer_id=4294967295,command=0,cookie=0,flags=0,hard_timeout=0,idle_timeout=0,match=OFPMatch(dl_dst='\x00\x00\x00\x00\x00\x00',dl_src='\x00\x00\x00\x00\x00\x00',dl_type=0,dl_vlan=0,dl_vlan_pcp=0,in_port=0,nw_dst=0,nw_proto=0,nw_src=0,nw_tos=0,tp_dst=0,tp_src=0,wildcards=4194303),out_port=65535,priority=0)
2017-04-24 12:46:06,160 : airnet_interface : [DEBUG] : *** Switch-1 Enter Event 
2017-04-24 12:46:06,160 : airnet_interface : [DEBUG] : 

{'hw_addr': 'ee:f8:ca:be:ad:91', 'name': u's1-eth1', 'port_no': '00000001', 'dpid': '0000000000000001'}
{'hw_addr': '0e:3a:f9:60:b7:de', 'name': u's1-eth2', 'port_no': '00000002', 'dpid': '0000000000000001'}
2017-04-24 12:46:06,160 : rest_client : [DEBUG] : Send Switch/enter request via POST method
2017-04-24 12:46:06,187 : airnet_interface : [DEBUG] : *** Features Handler 4
2017-04-24 12:46:06,188 : airnet_interface : [DEBUG] : default drop : version=0x1,msg_type=0xe,msg_len=0x48,xid=0x83e6a2ca,OFPFlowMod(actions=[],buffer_id=4294967295,command=0,cookie=0,flags=0,hard_timeout=0,idle_timeout=0,match=OFPMatch(dl_dst='\x00\x00\x00\x00\x00\x00',dl_src='\x00\x00\x00\x00\x00\x00',dl_type=0,dl_vlan=0,dl_vlan_pcp=0,in_port=0,nw_dst=0,nw_proto=0,nw_src=0,nw_tos=0,tp_dst=0,tp_src=0,wildcards=4194303),out_port=65535,priority=0)
2017-04-24 12:46:06,190 : airnet_interface : [DEBUG] : *** Switch-2 Enter Event 
2017-04-24 12:46:06,193 : airnet_interface : [DEBUG] : 

{'hw_addr': '42:bc:9b:23:12:da', 'name': u's2-eth1', 'port_no': '00000001', 'dpid': '0000000000000002'}
{'hw_addr': 'c2:42:5f:84:e0:dc', 'name': u's2-eth2', 'port_no': '00000002', 'dpid': '0000000000000002'}
2017-04-24 12:46:06,193 : rest_client : [DEBUG] : Send Switch/enter request via POST method
2017-04-24 12:46:06,200 : airnet_interface : [DEBUG] : 
*** Add Link Event
Link: Port<dpid=2, port_no=1, LIVE> to Port<dpid=1, port_no=1, LIVE>
2017-04-24 12:46:06,200 : rest_client : [DEBUG] : Send Link/add request via POST method
2017-04-24 12:46:06,215 : airnet_interface : [DEBUG] : 
*** Add Link Event
Link: Port<dpid=1, port_no=1, LIVE> to Port<dpid=2, port_no=1, LIVE>
2017-04-24 12:46:06,216 : rest_client : [DEBUG] : Send Link/add request via POST method
2017-04-24 12:46:06,225 : airnet_interface : [DEBUG] : *** Features Handler 4
2017-04-24 12:46:06,226 : airnet_interface : [DEBUG] : default drop : version=0x1,msg_type=0xe,msg_len=0x48,xid=0x9ee01bba,OFPFlowMod(actions=[],buffer_id=4294967295,command=0,cookie=0,flags=0,hard_timeout=0,idle_timeout=0,match=OFPMatch(dl_dst='\x00\x00\x00\x00\x00\x00',dl_src='\x00\x00\x00\x00\x00\x00',dl_type=0,dl_vlan=0,dl_vlan_pcp=0,in_port=0,nw_dst=0,nw_proto=0,nw_src=0,nw_tos=0,tp_dst=0,tp_src=0,wildcards=4194303),out_port=65535,priority=0)
2017-04-24 12:46:06,228 : airnet_interface : [DEBUG] : *** Switch-3 Enter Event 
2017-04-24 12:46:06,228 : airnet_interface : [DEBUG] : 

{'hw_addr': 'fa:93:e6:bd:d4:81', 'name': u's3-eth1', 'port_no': '00000001', 'dpid': '0000000000000003'}
{'hw_addr': '52:d2:54:fa:cc:f4', 'name': u's3-eth2', 'port_no': '00000002', 'dpid': '0000000000000003'}
2017-04-24 12:46:06,229 : rest_client : [DEBUG] : Send Switch/enter request via POST method
2017-04-24 12:46:06,236 : airnet_interface : [DEBUG] : 
*** Add Link Event
Link: Port<dpid=3, port_no=1, LIVE> to Port<dpid=2, port_no=2, LIVE>
2017-04-24 12:46:06,237 : rest_client : [DEBUG] : Send Link/add request via POST method
2017-04-24 12:46:06,243 : airnet_interface : [DEBUG] : 
*** Add Link Event
Link: Port<dpid=2, port_no=2, LIVE> to Port<dpid=3, port_no=1, LIVE>
2017-04-24 12:46:06,244 : rest_client : [DEBUG] : Send Link/add request via POST method
2017-04-24 12:46:06,287 : airnet_interface : [DEBUG] : *** Features Handler 4
2017-04-24 12:46:06,288 : airnet_interface : [DEBUG] : default drop : version=0x1,msg_type=0xe,msg_len=0x48,xid=0xce7ff2f2,OFPFlowMod(actions=[],buffer_id=4294967295,command=0,cookie=0,flags=0,hard_timeout=0,idle_timeout=0,match=OFPMatch(dl_dst='\x00\x00\x00\x00\x00\x00',dl_src='\x00\x00\x00\x00\x00\x00',dl_type=0,dl_vlan=0,dl_vlan_pcp=0,in_port=0,nw_dst=0,nw_proto=0,nw_src=0,nw_tos=0,tp_dst=0,tp_src=0,wildcards=4194303),out_port=65535,priority=0)
2017-04-24 12:46:06,291 : airnet_interface : [DEBUG] : *** Switch-4 Enter Event 
2017-04-24 12:46:06,291 : airnet_interface : [DEBUG] : 

{'hw_addr': 'fe:26:1b:6a:2a:4f', 'name': u's4-eth1', 'port_no': '00000001', 'dpid': '0000000000000004'}
{'hw_addr': 'ba:83:09:5d:88:a7', 'name': u's4-eth2', 'port_no': '00000002', 'dpid': '0000000000000004'}
2017-04-24 12:46:06,291 : rest_client : [DEBUG] : Send Switch/enter request via POST method
2017-04-24 12:46:06,299 : airnet_interface : [DEBUG] : 
*** Add Link Event
Link: Port<dpid=4, port_no=1, LIVE> to Port<dpid=3, port_no=2, LIVE>
2017-04-24 12:46:06,300 : rest_client : [DEBUG] : Send Link/add request via POST method
2017-04-24 12:46:06,308 : airnet_interface : [DEBUG] : 
*** Add Link Event
Link: Port<dpid=3, port_no=2, LIVE> to Port<dpid=4, port_no=1, LIVE>
2017-04-24 12:46:06,308 : rest_client : [DEBUG] : Send Link/add request via POST method
