INFO:proto.runtime:starting compilation -- Time == 1450099265785
INFO:proto.runtime:compilation finished -- Time == 1450099265886
INFO:proto.runtime:compilation DURATION == 100
INFO:core:POX 0.2.0 (carp) is up.
INFO:proto.arp_proxy:number of ARP rules: 3
INFO:proto.runtime:start enforcing policies -- Time == 1450099303940
INFO:proto.runtime:number of rules initially installed == 38
INFO:proto.runtime:policies enforcing finished -- Time == 1450099303969
INFO:proto.runtime:enforcing proactive rules DURATION== 29
INFO:core:Going down...
INFO:core:Down.
INFO:proto.runtime:starting compilation -- Time == 1450099326119
INFO:proto.runtime:compilation finished -- Time == 1450099326209
INFO:proto.runtime:compilation DURATION == 90
INFO:core:POX 0.2.0 (carp) is up.
INFO:proto.arp_proxy:number of ARP rules: 3
INFO:proto.runtime:start enforcing policies -- Time == 1450099357684
INFO:proto.runtime:number of rules initially installed == 38
INFO:proto.runtime:policies enforcing finished -- Time == 1450099357715
INFO:proto.runtime:enforcing proactive rules DURATION== 31
INFO:core:Going down...
INFO:core:Down.
INFO:proto.runtime:starting compilation -- Time == 1450099380013
INFO:proto.runtime:compilation finished -- Time == 1450099380116
INFO:proto.runtime:compilation DURATION == 102
INFO:core:POX 0.2.0 (carp) is up.
INFO:proto.arp_proxy:number of ARP rules: 3
INFO:proto.runtime:start enforcing policies -- Time == 1450099415088
INFO:proto.runtime:number of rules initially installed == 38
INFO:proto.runtime:policies enforcing finished -- Time == 1450099415119
INFO:proto.runtime:enforcing proactive rules DURATION== 31
INFO:core:Going down...
INFO:core:Down.
